<?xml version="1.0" encoding="UTF-8"?>
<robot generator="Robot 3.2.2 (Python 3.9.1 on win32)" generated="20210731 11:23:07.229" rpa="false">
<suite id="s1" name="Menu Rails andSpot Light Validation" source="C:\Users\ASUS\OneDrive\Desktop\Avotrix-Sony\TV-Firestick\FireTv-new-Appium\Firetv\4.SIgnedIn(Liv Special +)\Menu_Rails_andSpot_Light_Validation.robot">
<test id="s1-t1" name="TC_1: Launch Sonyliv Application">
<kw name="Set Variable" library="BuiltIn">
<doc>Returns the given values which can then be assigned to a variables.</doc>
<arguments>
<arg>1</arg>
</arguments>
<assign>
<var>${img_no}</var>
</assign>
<msg timestamp="20210731 11:23:07.505" level="INFO">${img_no} = 1</msg>
<status status="PASS" starttime="20210731 11:23:07.504" endtime="20210731 11:23:07.505"></status>
</kw>
<kw name="Set Global Variable" library="BuiltIn">
<doc>Makes a variable available globally in all tests and suites.</doc>
<arguments>
<arg>${img_no}</arg>
</arguments>
<msg timestamp="20210731 11:23:07.505" level="INFO">${img_no} = 1</msg>
<status status="PASS" starttime="20210731 11:23:07.505" endtime="20210731 11:23:07.505"></status>
</kw>
<kw name="Launch Application" library="AppiumLibrary">
<doc>Launch application. Application can be launched while Appium session running.
This keyword can be used to launch application during test case or between test cases.</doc>
<kw name="Capture Page Screenshot" library="AppiumLibrary">
<doc>Takes a screenshot of the current page and embeds it into the log.</doc>
<msg timestamp="20210731 11:23:07.520" level="FAIL">No application is open</msg>
<status status="FAIL" starttime="20210731 11:23:07.505" endtime="20210731 11:23:07.520"></status>
</kw>
<msg timestamp="20210731 11:23:07.520" level="WARN">Keyword 'Capture Page Screenshot' could not be run on failure: No application is open</msg>
<msg timestamp="20210731 11:23:07.521" level="FAIL">No application is open</msg>
<status status="FAIL" starttime="20210731 11:23:07.505" endtime="20210731 11:23:07.521"></status>
</kw>
<kw name="Run Keyword If Test Failed" library="BuiltIn" type="teardown">
<doc>Runs the given keyword with the given arguments, if the test failed.</doc>
<arguments>
<arg>TEST TEARDOWN</arg>
<arg>${img_no}</arg>
</arguments>
<kw name="TEST TEARDOWN">
<arguments>
<arg>${img_no}</arg>
</arguments>
<msg timestamp="20210731 11:23:07.525" level="FAIL">No keyword with name 'TEST TEARDOWN' found.</msg>
<status status="FAIL" starttime="20210731 11:23:07.525" endtime="20210731 11:23:07.525"></status>
</kw>
<status status="FAIL" starttime="20210731 11:23:07.522" endtime="20210731 11:23:07.525">No keyword with name 'TEST TEARDOWN' found.</status>
</kw>
<tags>
<tag>demo</tag>
</tags>
<status status="FAIL" starttime="20210731 11:23:07.504" endtime="20210731 11:23:07.525" critical="yes">No application is open

Also teardown failed:
No keyword with name 'TEST TEARDOWN' found.</status>
</test>
<test id="s1-t2" name="TC_2: Verify left menu Enable">
<kw name="Set Variable" library="BuiltIn">
<doc>Returns the given values which can then be assigned to a variables.</doc>
<arguments>
<arg>2</arg>
</arguments>
<assign>
<var>${img_no}</var>
</assign>
<msg timestamp="20210731 11:23:07.526" level="INFO">${img_no} = 2</msg>
<status status="PASS" starttime="20210731 11:23:07.526" endtime="20210731 11:23:07.526"></status>
</kw>
<kw name="Set Global Variable" library="BuiltIn">
<doc>Makes a variable available globally in all tests and suites.</doc>
<arguments>
<arg>${img_no}</arg>
</arguments>
<msg timestamp="20210731 11:23:07.526" level="INFO">${img_no} = 2</msg>
<status status="PASS" starttime="20210731 11:23:07.526" endtime="20210731 11:23:07.527"></status>
</kw>
<kw name="Launch Application" library="AppiumLibrary">
<doc>Launch application. Application can be launched while Appium session running.
This keyword can be used to launch application during test case or between test cases.</doc>
<kw name="Capture Page Screenshot" library="AppiumLibrary">
<doc>Takes a screenshot of the current page and embeds it into the log.</doc>
<msg timestamp="20210731 11:23:07.527" level="FAIL">No application is open</msg>
<status status="FAIL" starttime="20210731 11:23:07.527" endtime="20210731 11:23:07.527"></status>
</kw>
<msg timestamp="20210731 11:23:07.528" level="WARN">Keyword 'Capture Page Screenshot' could not be run on failure: No application is open</msg>
<msg timestamp="20210731 11:23:07.529" level="FAIL">No application is open</msg>
<status status="FAIL" starttime="20210731 11:23:07.527" endtime="20210731 11:23:07.529"></status>
</kw>
<kw name="Run Keyword If Test Failed" library="BuiltIn" type="teardown">
<doc>Runs the given keyword with the given arguments, if the test failed.</doc>
<arguments>
<arg>TEST TEARDOWN</arg>
<arg>${img_no}</arg>
</arguments>
<kw name="TEST TEARDOWN">
<arguments>
<arg>${img_no}</arg>
</arguments>
<msg timestamp="20210731 11:23:07.531" level="FAIL">No keyword with name 'TEST TEARDOWN' found.</msg>
<status status="FAIL" starttime="20210731 11:23:07.531" endtime="20210731 11:23:07.531"></status>
</kw>
<status status="FAIL" starttime="20210731 11:23:07.529" endtime="20210731 11:23:07.531">No keyword with name 'TEST TEARDOWN' found.</status>
</kw>
<tags>
<tag>pass</tag>
</tags>
<status status="FAIL" starttime="20210731 11:23:07.526" endtime="20210731 11:23:07.531" critical="yes">No application is open

Also teardown failed:
No keyword with name 'TEST TEARDOWN' found.</status>
</test>
<test id="s1-t3" name="TC_3: Click On Search Button and Verify">
<kw name="Set Variable" library="BuiltIn">
<doc>Returns the given values which can then be assigned to a variables.</doc>
<arguments>
<arg>3</arg>
</arguments>
<assign>
<var>${img_no}</var>
</assign>
<msg timestamp="20210731 11:23:07.533" level="INFO">${img_no} = 3</msg>
<status status="PASS" starttime="20210731 11:23:07.532" endtime="20210731 11:23:07.533"></status>
</kw>
<kw name="Set Global Variable" library="BuiltIn">
<doc>Makes a variable available globally in all tests and suites.</doc>
<arguments>
<arg>${img_no}</arg>
</arguments>
<msg timestamp="20210731 11:23:07.535" level="INFO">${img_no} = 3</msg>
<status status="PASS" starttime="20210731 11:23:07.535" endtime="20210731 11:23:07.535"></status>
</kw>
<kw name="Launch Application" library="AppiumLibrary">
<doc>Launch application. Application can be launched while Appium session running.
This keyword can be used to launch application during test case or between test cases.</doc>
<kw name="Capture Page Screenshot" library="AppiumLibrary">
<doc>Takes a screenshot of the current page and embeds it into the log.</doc>
<msg timestamp="20210731 11:23:07.536" level="FAIL">No application is open</msg>
<status status="FAIL" starttime="20210731 11:23:07.536" endtime="20210731 11:23:07.536"></status>
</kw>
<msg timestamp="20210731 11:23:07.537" level="WARN">Keyword 'Capture Page Screenshot' could not be run on failure: No application is open</msg>
<msg timestamp="20210731 11:23:07.538" level="FAIL">No application is open</msg>
<status status="FAIL" starttime="20210731 11:23:07.536" endtime="20210731 11:23:07.538"></status>
</kw>
<kw name="Run Keyword If Test Failed" library="BuiltIn" type="teardown">
<doc>Runs the given keyword with the given arguments, if the test failed.</doc>
<arguments>
<arg>TEST TEARDOWN</arg>
<arg>${img_no}</arg>
</arguments>
<kw name="TEST TEARDOWN">
<arguments>
<arg>${img_no}</arg>
</arguments>
<msg timestamp="20210731 11:23:07.540" level="FAIL">No keyword with name 'TEST TEARDOWN' found.</msg>
<status status="FAIL" starttime="20210731 11:23:07.540" endtime="20210731 11:23:07.540"></status>
</kw>
<status status="FAIL" starttime="20210731 11:23:07.538" endtime="20210731 11:23:07.540">No keyword with name 'TEST TEARDOWN' found.</status>
</kw>
<tags>
<tag>pass</tag>
</tags>
<status status="FAIL" starttime="20210731 11:23:07.532" endtime="20210731 11:23:07.540" critical="yes">No application is open

Also teardown failed:
No keyword with name 'TEST TEARDOWN' found.</status>
</test>
<test id="s1-t4" name="TC_4 : Verify Setting Button">
<kw name="Set Variable" library="BuiltIn">
<doc>Returns the given values which can then be assigned to a variables.</doc>
<arguments>
<arg>4</arg>
</arguments>
<assign>
<var>${img_no}</var>
</assign>
<msg timestamp="20210731 11:23:07.542" level="INFO">${img_no} = 4</msg>
<status status="PASS" starttime="20210731 11:23:07.542" endtime="20210731 11:23:07.542"></status>
</kw>
<kw name="Set Global Variable" library="BuiltIn">
<doc>Makes a variable available globally in all tests and suites.</doc>
<arguments>
<arg>${img_no}</arg>
</arguments>
<msg timestamp="20210731 11:23:07.543" level="INFO">${img_no} = 4</msg>
<status status="PASS" starttime="20210731 11:23:07.542" endtime="20210731 11:23:07.543"></status>
</kw>
<kw name="Launch Application" library="AppiumLibrary">
<doc>Launch application. Application can be launched while Appium session running.
This keyword can be used to launch application during test case or between test cases.</doc>
<kw name="Capture Page Screenshot" library="AppiumLibrary">
<doc>Takes a screenshot of the current page and embeds it into the log.</doc>
<msg timestamp="20210731 11:23:07.544" level="FAIL">No application is open</msg>
<status status="FAIL" starttime="20210731 11:23:07.543" endtime="20210731 11:23:07.544"></status>
</kw>
<msg timestamp="20210731 11:23:07.544" level="WARN">Keyword 'Capture Page Screenshot' could not be run on failure: No application is open</msg>
<msg timestamp="20210731 11:23:07.545" level="FAIL">No application is open</msg>
<status status="FAIL" starttime="20210731 11:23:07.543" endtime="20210731 11:23:07.545"></status>
</kw>
<kw name="Run Keyword If Test Failed" library="BuiltIn" type="teardown">
<doc>Runs the given keyword with the given arguments, if the test failed.</doc>
<arguments>
<arg>TEST TEARDOWN</arg>
<arg>${img_no}</arg>
</arguments>
<kw name="TEST TEARDOWN">
<arguments>
<arg>${img_no}</arg>
</arguments>
<msg timestamp="20210731 11:23:07.548" level="FAIL">No keyword with name 'TEST TEARDOWN' found.</msg>
<status status="FAIL" starttime="20210731 11:23:07.548" endtime="20210731 11:23:07.548"></status>
</kw>
<status status="FAIL" starttime="20210731 11:23:07.545" endtime="20210731 11:23:07.548">No keyword with name 'TEST TEARDOWN' found.</status>
</kw>
<tags>
<tag>pass</tag>
</tags>
<status status="FAIL" starttime="20210731 11:23:07.541" endtime="20210731 11:23:07.548" critical="yes">No application is open

Also teardown failed:
No keyword with name 'TEST TEARDOWN' found.</status>
</test>
<test id="s1-t5" name="TC_5 : Verify Terms of use Button">
<kw name="Set Variable" library="BuiltIn">
<doc>Returns the given values which can then be assigned to a variables.</doc>
<arguments>
<arg>5</arg>
</arguments>
<assign>
<var>${img_no}</var>
</assign>
<msg timestamp="20210731 11:23:07.551" level="INFO">${img_no} = 5</msg>
<status status="PASS" starttime="20210731 11:23:07.551" endtime="20210731 11:23:07.551"></status>
</kw>
<kw name="Set Global Variable" library="BuiltIn">
<doc>Makes a variable available globally in all tests and suites.</doc>
<arguments>
<arg>${img_no}</arg>
</arguments>
<msg timestamp="20210731 11:23:07.552" level="INFO">${img_no} = 5</msg>
<status status="PASS" starttime="20210731 11:23:07.551" endtime="20210731 11:23:07.552"></status>
</kw>
<kw name="Launch Application" library="AppiumLibrary">
<doc>Launch application. Application can be launched while Appium session running.
This keyword can be used to launch application during test case or between test cases.</doc>
<kw name="Capture Page Screenshot" library="AppiumLibrary">
<doc>Takes a screenshot of the current page and embeds it into the log.</doc>
<msg timestamp="20210731 11:23:07.552" level="FAIL">No application is open</msg>
<status status="FAIL" starttime="20210731 11:23:07.552" endtime="20210731 11:23:07.553"></status>
</kw>
<msg timestamp="20210731 11:23:07.553" level="WARN">Keyword 'Capture Page Screenshot' could not be run on failure: No application is open</msg>
<msg timestamp="20210731 11:23:07.554" level="FAIL">No application is open</msg>
<status status="FAIL" starttime="20210731 11:23:07.552" endtime="20210731 11:23:07.554"></status>
</kw>
<kw name="Run Keyword If Test Failed" library="BuiltIn" type="teardown">
<doc>Runs the given keyword with the given arguments, if the test failed.</doc>
<arguments>
<arg>TEST TEARDOWN</arg>
<arg>${img_no}</arg>
</arguments>
<kw name="TEST TEARDOWN">
<arguments>
<arg>${img_no}</arg>
</arguments>
<msg timestamp="20210731 11:23:07.556" level="FAIL">No keyword with name 'TEST TEARDOWN' found.</msg>
<status status="FAIL" starttime="20210731 11:23:07.556" endtime="20210731 11:23:07.556"></status>
</kw>
<status status="FAIL" starttime="20210731 11:23:07.554" endtime="20210731 11:23:07.557">No keyword with name 'TEST TEARDOWN' found.</status>
</kw>
<tags>
<tag>passed</tag>
</tags>
<status status="FAIL" starttime="20210731 11:23:07.549" endtime="20210731 11:23:07.557" critical="yes">No application is open

Also teardown failed:
No keyword with name 'TEST TEARDOWN' found.</status>
</test>
<test id="s1-t6" name="TC_6 : Verify Privacy policy Button">
<kw name="Set Variable" library="BuiltIn">
<doc>Returns the given values which can then be assigned to a variables.</doc>
<arguments>
<arg>6</arg>
</arguments>
<assign>
<var>${img_no}</var>
</assign>
<msg timestamp="20210731 11:23:07.558" level="INFO">${img_no} = 6</msg>
<status status="PASS" starttime="20210731 11:23:07.558" endtime="20210731 11:23:07.558"></status>
</kw>
<kw name="Set Global Variable" library="BuiltIn">
<doc>Makes a variable available globally in all tests and suites.</doc>
<arguments>
<arg>${img_no}</arg>
</arguments>
<msg timestamp="20210731 11:23:07.558" level="INFO">${img_no} = 6</msg>
<status status="PASS" starttime="20210731 11:23:07.558" endtime="20210731 11:23:07.558"></status>
</kw>
<kw name="Launch Application" library="AppiumLibrary">
<doc>Launch application. Application can be launched while Appium session running.
This keyword can be used to launch application during test case or between test cases.</doc>
<kw name="Capture Page Screenshot" library="AppiumLibrary">
<doc>Takes a screenshot of the current page and embeds it into the log.</doc>
<msg timestamp="20210731 11:23:07.559" level="FAIL">No application is open</msg>
<status status="FAIL" starttime="20210731 11:23:07.559" endtime="20210731 11:23:07.559"></status>
</kw>
<msg timestamp="20210731 11:23:07.560" level="WARN">Keyword 'Capture Page Screenshot' could not be run on failure: No application is open</msg>
<msg timestamp="20210731 11:23:07.560" level="FAIL">No application is open</msg>
<status status="FAIL" starttime="20210731 11:23:07.559" endtime="20210731 11:23:07.560"></status>
</kw>
<kw name="Run Keyword If Test Failed" library="BuiltIn" type="teardown">
<doc>Runs the given keyword with the given arguments, if the test failed.</doc>
<arguments>
<arg>TEST TEARDOWN</arg>
<arg>${img_no}</arg>
</arguments>
<kw name="TEST TEARDOWN">
<arguments>
<arg>${img_no}</arg>
</arguments>
<msg timestamp="20210731 11:23:07.563" level="FAIL">No keyword with name 'TEST TEARDOWN' found.</msg>
<status status="FAIL" starttime="20210731 11:23:07.563" endtime="20210731 11:23:07.563"></status>
</kw>
<status status="FAIL" starttime="20210731 11:23:07.561" endtime="20210731 11:23:07.563">No keyword with name 'TEST TEARDOWN' found.</status>
</kw>
<tags>
<tag>pass</tag>
</tags>
<status status="FAIL" starttime="20210731 11:23:07.557" endtime="20210731 11:23:07.563" critical="yes">No application is open

Also teardown failed:
No keyword with name 'TEST TEARDOWN' found.</status>
</test>
<test id="s1-t7" name="TC_7 : Validate Home Button">
<kw name="Set Variable" library="BuiltIn">
<doc>Returns the given values which can then be assigned to a variables.</doc>
<arguments>
<arg>7</arg>
</arguments>
<assign>
<var>${img_no}</var>
</assign>
<msg timestamp="20210731 11:23:07.565" level="INFO">${img_no} = 7</msg>
<status status="PASS" starttime="20210731 11:23:07.565" endtime="20210731 11:23:07.565"></status>
</kw>
<kw name="Set Global Variable" library="BuiltIn">
<doc>Makes a variable available globally in all tests and suites.</doc>
<arguments>
<arg>${img_no}</arg>
</arguments>
<msg timestamp="20210731 11:23:07.566" level="INFO">${img_no} = 7</msg>
<status status="PASS" starttime="20210731 11:23:07.566" endtime="20210731 11:23:07.566"></status>
</kw>
<kw name="Launch Application" library="AppiumLibrary">
<doc>Launch application. Application can be launched while Appium session running.
This keyword can be used to launch application during test case or between test cases.</doc>
<kw name="Capture Page Screenshot" library="AppiumLibrary">
<doc>Takes a screenshot of the current page and embeds it into the log.</doc>
<msg timestamp="20210731 11:23:07.567" level="FAIL">No application is open</msg>
<status status="FAIL" starttime="20210731 11:23:07.566" endtime="20210731 11:23:07.567"></status>
</kw>
<msg timestamp="20210731 11:23:07.567" level="WARN">Keyword 'Capture Page Screenshot' could not be run on failure: No application is open</msg>
<msg timestamp="20210731 11:23:07.568" level="FAIL">No application is open</msg>
<status status="FAIL" starttime="20210731 11:23:07.566" endtime="20210731 11:23:07.568"></status>
</kw>
<kw name="Run Keyword If Test Failed" library="BuiltIn" type="teardown">
<doc>Runs the given keyword with the given arguments, if the test failed.</doc>
<arguments>
<arg>TEST TEARDOWN</arg>
<arg>${img_no}</arg>
</arguments>
<kw name="TEST TEARDOWN">
<arguments>
<arg>${img_no}</arg>
</arguments>
<msg timestamp="20210731 11:23:07.570" level="FAIL">No keyword with name 'TEST TEARDOWN' found.</msg>
<status status="FAIL" starttime="20210731 11:23:07.570" endtime="20210731 11:23:07.570"></status>
</kw>
<status status="FAIL" starttime="20210731 11:23:07.568" endtime="20210731 11:23:07.570">No keyword with name 'TEST TEARDOWN' found.</status>
</kw>
<tags>
<tag>pass</tag>
</tags>
<status status="FAIL" starttime="20210731 11:23:07.564" endtime="20210731 11:23:07.571" critical="yes">No application is open

Also teardown failed:
No keyword with name 'TEST TEARDOWN' found.</status>
</test>
<test id="s1-t8" name="TC_8 : Validate Mylist Button For NonSignedin User">
<kw name="Set Variable" library="BuiltIn">
<doc>Returns the given values which can then be assigned to a variables.</doc>
<arguments>
<arg>8</arg>
</arguments>
<assign>
<var>${img_no}</var>
</assign>
<msg timestamp="20210731 11:23:07.572" level="INFO">${img_no} = 8</msg>
<status status="PASS" starttime="20210731 11:23:07.572" endtime="20210731 11:23:07.572"></status>
</kw>
<kw name="Set Global Variable" library="BuiltIn">
<doc>Makes a variable available globally in all tests and suites.</doc>
<arguments>
<arg>${img_no}</arg>
</arguments>
<msg timestamp="20210731 11:23:07.572" level="INFO">${img_no} = 8</msg>
<status status="PASS" starttime="20210731 11:23:07.572" endtime="20210731 11:23:07.572"></status>
</kw>
<kw name="Launch Application" library="AppiumLibrary">
<doc>Launch application. Application can be launched while Appium session running.
This keyword can be used to launch application during test case or between test cases.</doc>
<kw name="Capture Page Screenshot" library="AppiumLibrary">
<doc>Takes a screenshot of the current page and embeds it into the log.</doc>
<msg timestamp="20210731 11:23:07.573" level="FAIL">No application is open</msg>
<status status="FAIL" starttime="20210731 11:23:07.573" endtime="20210731 11:23:07.573"></status>
</kw>
<msg timestamp="20210731 11:23:07.574" level="WARN">Keyword 'Capture Page Screenshot' could not be run on failure: No application is open</msg>
<msg timestamp="20210731 11:23:07.574" level="FAIL">No application is open</msg>
<status status="FAIL" starttime="20210731 11:23:07.572" endtime="20210731 11:23:07.574"></status>
</kw>
<kw name="Run Keyword If Test Failed" library="BuiltIn" type="teardown">
<doc>Runs the given keyword with the given arguments, if the test failed.</doc>
<arguments>
<arg>TEST TEARDOWN</arg>
<arg>${img_no}</arg>
</arguments>
<kw name="TEST TEARDOWN">
<arguments>
<arg>${img_no}</arg>
</arguments>
<msg timestamp="20210731 11:23:07.577" level="FAIL">No keyword with name 'TEST TEARDOWN' found.</msg>
<status status="FAIL" starttime="20210731 11:23:07.577" endtime="20210731 11:23:07.577"></status>
</kw>
<status status="FAIL" starttime="20210731 11:23:07.575" endtime="20210731 11:23:07.577">No keyword with name 'TEST TEARDOWN' found.</status>
</kw>
<tags>
<tag>pass</tag>
</tags>
<status status="FAIL" starttime="20210731 11:23:07.571" endtime="20210731 11:23:07.577" critical="yes">No application is open

Also teardown failed:
No keyword with name 'TEST TEARDOWN' found.</status>
</test>
<test id="s1-t9" name="TC_9 : Validate Shows Button">
<kw name="Set Variable" library="BuiltIn">
<doc>Returns the given values which can then be assigned to a variables.</doc>
<arguments>
<arg>9</arg>
</arguments>
<assign>
<var>${img_no}</var>
</assign>
<msg timestamp="20210731 11:23:07.579" level="INFO">${img_no} = 9</msg>
<status status="PASS" starttime="20210731 11:23:07.579" endtime="20210731 11:23:07.579"></status>
</kw>
<kw name="Set Global Variable" library="BuiltIn">
<doc>Makes a variable available globally in all tests and suites.</doc>
<arguments>
<arg>${img_no}</arg>
</arguments>
<msg timestamp="20210731 11:23:07.579" level="INFO">${img_no} = 9</msg>
<status status="PASS" starttime="20210731 11:23:07.579" endtime="20210731 11:23:07.579"></status>
</kw>
<kw name="Launch Application" library="AppiumLibrary">
<doc>Launch application. Application can be launched while Appium session running.
This keyword can be used to launch application during test case or between test cases.</doc>
<kw name="Capture Page Screenshot" library="AppiumLibrary">
<doc>Takes a screenshot of the current page and embeds it into the log.</doc>
<msg timestamp="20210731 11:23:07.580" level="FAIL">No application is open</msg>
<status status="FAIL" starttime="20210731 11:23:07.579" endtime="20210731 11:23:07.580"></status>
</kw>
<msg timestamp="20210731 11:23:07.581" level="WARN">Keyword 'Capture Page Screenshot' could not be run on failure: No application is open</msg>
<msg timestamp="20210731 11:23:07.582" level="FAIL">No application is open</msg>
<status status="FAIL" starttime="20210731 11:23:07.579" endtime="20210731 11:23:07.582"></status>
</kw>
<kw name="Run Keyword If Test Failed" library="BuiltIn" type="teardown">
<doc>Runs the given keyword with the given arguments, if the test failed.</doc>
<arguments>
<arg>TEST TEARDOWN</arg>
<arg>${img_no}</arg>
</arguments>
<kw name="TEST TEARDOWN">
<arguments>
<arg>${img_no}</arg>
</arguments>
<msg timestamp="20210731 11:23:07.584" level="FAIL">No keyword with name 'TEST TEARDOWN' found.</msg>
<status status="FAIL" starttime="20210731 11:23:07.584" endtime="20210731 11:23:07.584"></status>
</kw>
<status status="FAIL" starttime="20210731 11:23:07.582" endtime="20210731 11:23:07.584">No keyword with name 'TEST TEARDOWN' found.</status>
</kw>
<tags>
<tag>pass</tag>
</tags>
<status status="FAIL" starttime="20210731 11:23:07.578" endtime="20210731 11:23:07.585" critical="yes">No application is open

Also teardown failed:
No keyword with name 'TEST TEARDOWN' found.</status>
</test>
<test id="s1-t10" name="TC_10 : Validate Movies Button">
<kw name="Set Variable" library="BuiltIn">
<doc>Returns the given values which can then be assigned to a variables.</doc>
<arguments>
<arg>10</arg>
</arguments>
<assign>
<var>${img_no}</var>
</assign>
<msg timestamp="20210731 11:23:07.586" level="INFO">${img_no} = 10</msg>
<status status="PASS" starttime="20210731 11:23:07.586" endtime="20210731 11:23:07.586"></status>
</kw>
<kw name="Set Global Variable" library="BuiltIn">
<doc>Makes a variable available globally in all tests and suites.</doc>
<arguments>
<arg>${img_no}</arg>
</arguments>
<msg timestamp="20210731 11:23:07.586" level="INFO">${img_no} = 10</msg>
<status status="PASS" starttime="20210731 11:23:07.586" endtime="20210731 11:23:07.586"></status>
</kw>
<kw name="Launch Application" library="AppiumLibrary">
<doc>Launch application. Application can be launched while Appium session running.
This keyword can be used to launch application during test case or between test cases.</doc>
<kw name="Capture Page Screenshot" library="AppiumLibrary">
<doc>Takes a screenshot of the current page and embeds it into the log.</doc>
<msg timestamp="20210731 11:23:07.587" level="FAIL">No application is open</msg>
<status status="FAIL" starttime="20210731 11:23:07.587" endtime="20210731 11:23:07.587"></status>
</kw>
<msg timestamp="20210731 11:23:07.588" level="WARN">Keyword 'Capture Page Screenshot' could not be run on failure: No application is open</msg>
<msg timestamp="20210731 11:23:07.588" level="FAIL">No application is open</msg>
<status status="FAIL" starttime="20210731 11:23:07.586" endtime="20210731 11:23:07.588"></status>
</kw>
<kw name="Run Keyword If Test Failed" library="BuiltIn" type="teardown">
<doc>Runs the given keyword with the given arguments, if the test failed.</doc>
<arguments>
<arg>TEST TEARDOWN</arg>
<arg>${img_no}</arg>
</arguments>
<kw name="TEST TEARDOWN">
<arguments>
<arg>${img_no}</arg>
</arguments>
<msg timestamp="20210731 11:23:07.591" level="FAIL">No keyword with name 'TEST TEARDOWN' found.</msg>
<status status="FAIL" starttime="20210731 11:23:07.591" endtime="20210731 11:23:07.591"></status>
</kw>
<status status="FAIL" starttime="20210731 11:23:07.589" endtime="20210731 11:23:07.591">No keyword with name 'TEST TEARDOWN' found.</status>
</kw>
<tags>
<tag>pass</tag>
</tags>
<status status="FAIL" starttime="20210731 11:23:07.585" endtime="20210731 11:23:07.591" critical="yes">No application is open

Also teardown failed:
No keyword with name 'TEST TEARDOWN' found.</status>
</test>
<test id="s1-t11" name="TC_11 : Validate Sports Button">
<kw name="Set Variable" library="BuiltIn">
<doc>Returns the given values which can then be assigned to a variables.</doc>
<arguments>
<arg>11</arg>
</arguments>
<assign>
<var>${img_no}</var>
</assign>
<msg timestamp="20210731 11:23:07.593" level="INFO">${img_no} = 11</msg>
<status status="PASS" starttime="20210731 11:23:07.592" endtime="20210731 11:23:07.593"></status>
</kw>
<kw name="Set Global Variable" library="BuiltIn">
<doc>Makes a variable available globally in all tests and suites.</doc>
<arguments>
<arg>${img_no}</arg>
</arguments>
<msg timestamp="20210731 11:23:07.593" level="INFO">${img_no} = 11</msg>
<status status="PASS" starttime="20210731 11:23:07.593" endtime="20210731 11:23:07.593"></status>
</kw>
<kw name="Launch Application" library="AppiumLibrary">
<doc>Launch application. Application can be launched while Appium session running.
This keyword can be used to launch application during test case or between test cases.</doc>
<kw name="Capture Page Screenshot" library="AppiumLibrary">
<doc>Takes a screenshot of the current page and embeds it into the log.</doc>
<msg timestamp="20210731 11:23:07.594" level="FAIL">No application is open</msg>
<status status="FAIL" starttime="20210731 11:23:07.593" endtime="20210731 11:23:07.594"></status>
</kw>
<msg timestamp="20210731 11:23:07.594" level="WARN">Keyword 'Capture Page Screenshot' could not be run on failure: No application is open</msg>
<msg timestamp="20210731 11:23:07.595" level="FAIL">No application is open</msg>
<status status="FAIL" starttime="20210731 11:23:07.593" endtime="20210731 11:23:07.595"></status>
</kw>
<kw name="Run Keyword If Test Failed" library="BuiltIn" type="teardown">
<doc>Runs the given keyword with the given arguments, if the test failed.</doc>
<arguments>
<arg>TEST TEARDOWN</arg>
<arg>${img_no}</arg>
</arguments>
<kw name="TEST TEARDOWN">
<arguments>
<arg>${img_no}</arg>
</arguments>
<msg timestamp="20210731 11:23:07.598" level="FAIL">No keyword with name 'TEST TEARDOWN' found.</msg>
<status status="FAIL" starttime="20210731 11:23:07.598" endtime="20210731 11:23:07.598"></status>
</kw>
<status status="FAIL" starttime="20210731 11:23:07.595" endtime="20210731 11:23:07.598">No keyword with name 'TEST TEARDOWN' found.</status>
</kw>
<tags>
<tag>pass</tag>
</tags>
<status status="FAIL" starttime="20210731 11:23:07.592" endtime="20210731 11:23:07.598" critical="yes">No application is open

Also teardown failed:
No keyword with name 'TEST TEARDOWN' found.</status>
</test>
<test id="s1-t12" name="TC_12 : Validate WWENetwork Button">
<kw name="Set Variable" library="BuiltIn">
<doc>Returns the given values which can then be assigned to a variables.</doc>
<arguments>
<arg>12</arg>
</arguments>
<assign>
<var>${img_no}</var>
</assign>
<msg timestamp="20210731 11:23:07.599" level="INFO">${img_no} = 12</msg>
<status status="PASS" starttime="20210731 11:23:07.599" endtime="20210731 11:23:07.599"></status>
</kw>
<kw name="Set Global Variable" library="BuiltIn">
<doc>Makes a variable available globally in all tests and suites.</doc>
<arguments>
<arg>${img_no}</arg>
</arguments>
<msg timestamp="20210731 11:23:07.600" level="INFO">${img_no} = 12</msg>
<status status="PASS" starttime="20210731 11:23:07.600" endtime="20210731 11:23:07.600"></status>
</kw>
<kw name="Launch Application" library="AppiumLibrary">
<doc>Launch application. Application can be launched while Appium session running.
This keyword can be used to launch application during test case or between test cases.</doc>
<kw name="Capture Page Screenshot" library="AppiumLibrary">
<doc>Takes a screenshot of the current page and embeds it into the log.</doc>
<msg timestamp="20210731 11:23:07.601" level="FAIL">No application is open</msg>
<status status="FAIL" starttime="20210731 11:23:07.600" endtime="20210731 11:23:07.601"></status>
</kw>
<msg timestamp="20210731 11:23:07.601" level="WARN">Keyword 'Capture Page Screenshot' could not be run on failure: No application is open</msg>
<msg timestamp="20210731 11:23:07.602" level="FAIL">No application is open</msg>
<status status="FAIL" starttime="20210731 11:23:07.600" endtime="20210731 11:23:07.602"></status>
</kw>
<kw name="Run Keyword If Test Failed" library="BuiltIn" type="teardown">
<doc>Runs the given keyword with the given arguments, if the test failed.</doc>
<arguments>
<arg>TEST TEARDOWN</arg>
<arg>${img_no}</arg>
</arguments>
<kw name="TEST TEARDOWN">
<arguments>
<arg>${img_no}</arg>
</arguments>
<msg timestamp="20210731 11:23:07.604" level="FAIL">No keyword with name 'TEST TEARDOWN' found.</msg>
<status status="FAIL" starttime="20210731 11:23:07.604" endtime="20210731 11:23:07.604"></status>
</kw>
<status status="FAIL" starttime="20210731 11:23:07.602" endtime="20210731 11:23:07.605">No keyword with name 'TEST TEARDOWN' found.</status>
</kw>
<tags>
<tag>pass</tag>
</tags>
<status status="FAIL" starttime="20210731 11:23:07.599" endtime="20210731 11:23:07.605" critical="yes">No application is open

Also teardown failed:
No keyword with name 'TEST TEARDOWN' found.</status>
</test>
<test id="s1-t13" name="TC_13 : Validate Premium Button">
<kw name="Set Variable" library="BuiltIn">
<doc>Returns the given values which can then be assigned to a variables.</doc>
<arguments>
<arg>13</arg>
</arguments>
<assign>
<var>${img_no}</var>
</assign>
<msg timestamp="20210731 11:23:07.606" level="INFO">${img_no} = 13</msg>
<status status="PASS" starttime="20210731 11:23:07.606" endtime="20210731 11:23:07.606"></status>
</kw>
<kw name="Set Global Variable" library="BuiltIn">
<doc>Makes a variable available globally in all tests and suites.</doc>
<arguments>
<arg>${img_no}</arg>
</arguments>
<msg timestamp="20210731 11:23:07.606" level="INFO">${img_no} = 13</msg>
<status status="PASS" starttime="20210731 11:23:07.606" endtime="20210731 11:23:07.606"></status>
</kw>
<kw name="Launch Application" library="AppiumLibrary">
<doc>Launch application. Application can be launched while Appium session running.
This keyword can be used to launch application during test case or between test cases.</doc>
<kw name="Capture Page Screenshot" library="AppiumLibrary">
<doc>Takes a screenshot of the current page and embeds it into the log.</doc>
<msg timestamp="20210731 11:23:07.607" level="FAIL">No application is open</msg>
<status status="FAIL" starttime="20210731 11:23:07.607" endtime="20210731 11:23:07.607"></status>
</kw>
<msg timestamp="20210731 11:23:07.608" level="WARN">Keyword 'Capture Page Screenshot' could not be run on failure: No application is open</msg>
<msg timestamp="20210731 11:23:07.608" level="FAIL">No application is open</msg>
<status status="FAIL" starttime="20210731 11:23:07.607" endtime="20210731 11:23:07.608"></status>
</kw>
<kw name="Run Keyword If Test Failed" library="BuiltIn" type="teardown">
<doc>Runs the given keyword with the given arguments, if the test failed.</doc>
<arguments>
<arg>TEST TEARDOWN</arg>
<arg>${img_no}</arg>
</arguments>
<kw name="TEST TEARDOWN">
<arguments>
<arg>${img_no}</arg>
</arguments>
<msg timestamp="20210731 11:23:07.611" level="FAIL">No keyword with name 'TEST TEARDOWN' found.</msg>
<status status="FAIL" starttime="20210731 11:23:07.610" endtime="20210731 11:23:07.611"></status>
</kw>
<status status="FAIL" starttime="20210731 11:23:07.609" endtime="20210731 11:23:07.611">No keyword with name 'TEST TEARDOWN' found.</status>
</kw>
<tags>
<tag>pass</tag>
</tags>
<status status="FAIL" starttime="20210731 11:23:07.606" endtime="20210731 11:23:07.611" critical="yes">No application is open

Also teardown failed:
No keyword with name 'TEST TEARDOWN' found.</status>
</test>
<test id="s1-t14" name="TC_14 : Validate Channel Button">
<kw name="Set Variable" library="BuiltIn">
<doc>Returns the given values which can then be assigned to a variables.</doc>
<arguments>
<arg>14</arg>
</arguments>
<assign>
<var>${img_no}</var>
</assign>
<msg timestamp="20210731 11:23:07.615" level="INFO">${img_no} = 14</msg>
<status status="PASS" starttime="20210731 11:23:07.614" endtime="20210731 11:23:07.615"></status>
</kw>
<kw name="Set Global Variable" library="BuiltIn">
<doc>Makes a variable available globally in all tests and suites.</doc>
<arguments>
<arg>${img_no}</arg>
</arguments>
<msg timestamp="20210731 11:23:07.615" level="INFO">${img_no} = 14</msg>
<status status="PASS" starttime="20210731 11:23:07.615" endtime="20210731 11:23:07.615"></status>
</kw>
<kw name="Launch Application" library="AppiumLibrary">
<doc>Launch application. Application can be launched while Appium session running.
This keyword can be used to launch application during test case or between test cases.</doc>
<kw name="Capture Page Screenshot" library="AppiumLibrary">
<doc>Takes a screenshot of the current page and embeds it into the log.</doc>
<msg timestamp="20210731 11:23:07.616" level="FAIL">No application is open</msg>
<status status="FAIL" starttime="20210731 11:23:07.615" endtime="20210731 11:23:07.616"></status>
</kw>
<msg timestamp="20210731 11:23:07.617" level="WARN">Keyword 'Capture Page Screenshot' could not be run on failure: No application is open</msg>
<msg timestamp="20210731 11:23:07.618" level="FAIL">No application is open</msg>
<status status="FAIL" starttime="20210731 11:23:07.615" endtime="20210731 11:23:07.618"></status>
</kw>
<kw name="Run Keyword If Test Failed" library="BuiltIn" type="teardown">
<doc>Runs the given keyword with the given arguments, if the test failed.</doc>
<arguments>
<arg>TEST TEARDOWN</arg>
<arg>${img_no}</arg>
</arguments>
<kw name="TEST TEARDOWN">
<arguments>
<arg>${img_no}</arg>
</arguments>
<msg timestamp="20210731 11:23:07.621" level="FAIL">No keyword with name 'TEST TEARDOWN' found.</msg>
<status status="FAIL" starttime="20210731 11:23:07.621" endtime="20210731 11:23:07.621"></status>
</kw>
<status status="FAIL" starttime="20210731 11:23:07.618" endtime="20210731 11:23:07.621">No keyword with name 'TEST TEARDOWN' found.</status>
</kw>
<tags>
<tag>pass</tag>
</tags>
<status status="FAIL" starttime="20210731 11:23:07.612" endtime="20210731 11:23:07.621" critical="yes">No application is open

Also teardown failed:
No keyword with name 'TEST TEARDOWN' found.</status>
</test>
<test id="s1-t15" name="TC_41 : Validate SPORTS Button">
<kw name="Set Variable" library="BuiltIn">
<doc>Returns the given values which can then be assigned to a variables.</doc>
<arguments>
<arg>41</arg>
</arguments>
<assign>
<var>${img_no}</var>
</assign>
<msg timestamp="20210731 11:23:07.621" level="INFO">${img_no} = 41</msg>
<status status="PASS" starttime="20210731 11:23:07.621" endtime="20210731 11:23:07.622"></status>
</kw>
<kw name="Set Global Variable" library="BuiltIn">
<doc>Makes a variable available globally in all tests and suites.</doc>
<arguments>
<arg>${img_no}</arg>
</arguments>
<msg timestamp="20210731 11:23:07.623" level="INFO">${img_no} = 41</msg>
<status status="PASS" starttime="20210731 11:23:07.623" endtime="20210731 11:23:07.623"></status>
</kw>
<kw name="Launch Application" library="AppiumLibrary">
<doc>Launch application. Application can be launched while Appium session running.
This keyword can be used to launch application during test case or between test cases.</doc>
<kw name="Capture Page Screenshot" library="AppiumLibrary">
<doc>Takes a screenshot of the current page and embeds it into the log.</doc>
<msg timestamp="20210731 11:23:07.623" level="FAIL">No application is open</msg>
<status status="FAIL" starttime="20210731 11:23:07.623" endtime="20210731 11:23:07.623"></status>
</kw>
<msg timestamp="20210731 11:23:07.623" level="WARN">Keyword 'Capture Page Screenshot' could not be run on failure: No application is open</msg>
<msg timestamp="20210731 11:23:07.625" level="FAIL">No application is open</msg>
<status status="FAIL" starttime="20210731 11:23:07.623" endtime="20210731 11:23:07.625"></status>
</kw>
<kw name="Run Keyword If Test Failed" library="BuiltIn" type="teardown">
<doc>Runs the given keyword with the given arguments, if the test failed.</doc>
<arguments>
<arg>TEST TEARDOWN</arg>
<arg>${img_no}</arg>
</arguments>
<kw name="TEST TEARDOWN">
<arguments>
<arg>${img_no}</arg>
</arguments>
<msg timestamp="20210731 11:23:07.627" level="FAIL">No keyword with name 'TEST TEARDOWN' found.</msg>
<status status="FAIL" starttime="20210731 11:23:07.627" endtime="20210731 11:23:07.627"></status>
</kw>
<status status="FAIL" starttime="20210731 11:23:07.625" endtime="20210731 11:23:07.627">No keyword with name 'TEST TEARDOWN' found.</status>
</kw>
<tags>
<tag>pass</tag>
</tags>
<status status="FAIL" starttime="20210731 11:23:07.621" endtime="20210731 11:23:07.627" critical="yes">No application is open

Also teardown failed:
No keyword with name 'TEST TEARDOWN' found.</status>
</test>
<test id="s1-t16" name="TC_15 : Validate Notification Inbox Button">
<kw name="Set Variable" library="BuiltIn">
<doc>Returns the given values which can then be assigned to a variables.</doc>
<arguments>
<arg>15</arg>
</arguments>
<assign>
<var>${img_no}</var>
</assign>
<msg timestamp="20210731 11:23:07.629" level="INFO">${img_no} = 15</msg>
<status status="PASS" starttime="20210731 11:23:07.629" endtime="20210731 11:23:07.629"></status>
</kw>
<kw name="Set Global Variable" library="BuiltIn">
<doc>Makes a variable available globally in all tests and suites.</doc>
<arguments>
<arg>${img_no}</arg>
</arguments>
<msg timestamp="20210731 11:23:07.629" level="INFO">${img_no} = 15</msg>
<status status="PASS" starttime="20210731 11:23:07.629" endtime="20210731 11:23:07.629"></status>
</kw>
<kw name="Launch Application" library="AppiumLibrary">
<doc>Launch application. Application can be launched while Appium session running.
This keyword can be used to launch application during test case or between test cases.</doc>
<kw name="Capture Page Screenshot" library="AppiumLibrary">
<doc>Takes a screenshot of the current page and embeds it into the log.</doc>
<msg timestamp="20210731 11:23:07.630" level="FAIL">No application is open</msg>
<status status="FAIL" starttime="20210731 11:23:07.629" endtime="20210731 11:23:07.630"></status>
</kw>
<msg timestamp="20210731 11:23:07.631" level="WARN">Keyword 'Capture Page Screenshot' could not be run on failure: No application is open</msg>
<msg timestamp="20210731 11:23:07.631" level="FAIL">No application is open</msg>
<status status="FAIL" starttime="20210731 11:23:07.629" endtime="20210731 11:23:07.631"></status>
</kw>
<kw name="Run Keyword If Test Failed" library="BuiltIn" type="teardown">
<doc>Runs the given keyword with the given arguments, if the test failed.</doc>
<arguments>
<arg>TEST TEARDOWN</arg>
<arg>${img_no}</arg>
</arguments>
<kw name="TEST TEARDOWN">
<arguments>
<arg>${img_no}</arg>
</arguments>
<msg timestamp="20210731 11:23:07.634" level="FAIL">No keyword with name 'TEST TEARDOWN' found.</msg>
<status status="FAIL" starttime="20210731 11:23:07.634" endtime="20210731 11:23:07.634"></status>
</kw>
<status status="FAIL" starttime="20210731 11:23:07.631" endtime="20210731 11:23:07.634">No keyword with name 'TEST TEARDOWN' found.</status>
</kw>
<tags>
<tag>pass</tag>
</tags>
<status status="FAIL" starttime="20210731 11:23:07.628" endtime="20210731 11:23:07.634" critical="yes">No application is open

Also teardown failed:
No keyword with name 'TEST TEARDOWN' found.</status>
</test>
<test id="s1-t17" name="TC_16 : Validate Signin Button">
<kw name="Set Variable" library="BuiltIn">
<doc>Returns the given values which can then be assigned to a variables.</doc>
<arguments>
<arg>16</arg>
</arguments>
<assign>
<var>${img_no}</var>
</assign>
<msg timestamp="20210731 11:23:07.635" level="INFO">${img_no} = 16</msg>
<status status="PASS" starttime="20210731 11:23:07.635" endtime="20210731 11:23:07.635"></status>
</kw>
<kw name="Set Global Variable" library="BuiltIn">
<doc>Makes a variable available globally in all tests and suites.</doc>
<arguments>
<arg>${img_no}</arg>
</arguments>
<msg timestamp="20210731 11:23:07.635" level="INFO">${img_no} = 16</msg>
<status status="PASS" starttime="20210731 11:23:07.635" endtime="20210731 11:23:07.636"></status>
</kw>
<kw name="Launch Application" library="AppiumLibrary">
<doc>Launch application. Application can be launched while Appium session running.
This keyword can be used to launch application during test case or between test cases.</doc>
<kw name="Capture Page Screenshot" library="AppiumLibrary">
<doc>Takes a screenshot of the current page and embeds it into the log.</doc>
<msg timestamp="20210731 11:23:07.636" level="FAIL">No application is open</msg>
<status status="FAIL" starttime="20210731 11:23:07.636" endtime="20210731 11:23:07.636"></status>
</kw>
<msg timestamp="20210731 11:23:07.637" level="WARN">Keyword 'Capture Page Screenshot' could not be run on failure: No application is open</msg>
<msg timestamp="20210731 11:23:07.638" level="FAIL">No application is open</msg>
<status status="FAIL" starttime="20210731 11:23:07.636" endtime="20210731 11:23:07.638"></status>
</kw>
<kw name="Run Keyword If Test Failed" library="BuiltIn" type="teardown">
<doc>Runs the given keyword with the given arguments, if the test failed.</doc>
<arguments>
<arg>TEST TEARDOWN</arg>
<arg>${img_no}</arg>
</arguments>
<kw name="TEST TEARDOWN">
<arguments>
<arg>${img_no}</arg>
</arguments>
<msg timestamp="20210731 11:23:07.640" level="FAIL">No keyword with name 'TEST TEARDOWN' found.</msg>
<status status="FAIL" starttime="20210731 11:23:07.640" endtime="20210731 11:23:07.640"></status>
</kw>
<status status="FAIL" starttime="20210731 11:23:07.638" endtime="20210731 11:23:07.640">No keyword with name 'TEST TEARDOWN' found.</status>
</kw>
<tags>
<tag>pass</tag>
</tags>
<status status="FAIL" starttime="20210731 11:23:07.635" endtime="20210731 11:23:07.640" critical="yes">No application is open

Also teardown failed:
No keyword with name 'TEST TEARDOWN' found.</status>
</test>
<test id="s1-t18" name="TC_17 : Search and Click a content">
<kw name="Set Variable" library="BuiltIn">
<doc>Returns the given values which can then be assigned to a variables.</doc>
<arguments>
<arg>17</arg>
</arguments>
<assign>
<var>${img_no}</var>
</assign>
<msg timestamp="20210731 11:23:07.642" level="INFO">${img_no} = 17</msg>
<status status="PASS" starttime="20210731 11:23:07.641" endtime="20210731 11:23:07.642"></status>
</kw>
<kw name="Set Global Variable" library="BuiltIn">
<doc>Makes a variable available globally in all tests and suites.</doc>
<arguments>
<arg>${img_no}</arg>
</arguments>
<msg timestamp="20210731 11:23:07.642" level="INFO">${img_no} = 17</msg>
<status status="PASS" starttime="20210731 11:23:07.642" endtime="20210731 11:23:07.642"></status>
</kw>
<kw name="Launch Application" library="AppiumLibrary">
<doc>Launch application. Application can be launched while Appium session running.
This keyword can be used to launch application during test case or between test cases.</doc>
<kw name="Capture Page Screenshot" library="AppiumLibrary">
<doc>Takes a screenshot of the current page and embeds it into the log.</doc>
<msg timestamp="20210731 11:23:07.643" level="FAIL">No application is open</msg>
<status status="FAIL" starttime="20210731 11:23:07.642" endtime="20210731 11:23:07.643"></status>
</kw>
<msg timestamp="20210731 11:23:07.644" level="WARN">Keyword 'Capture Page Screenshot' could not be run on failure: No application is open</msg>
<msg timestamp="20210731 11:23:07.645" level="FAIL">No application is open</msg>
<status status="FAIL" starttime="20210731 11:23:07.642" endtime="20210731 11:23:07.645"></status>
</kw>
<kw name="Run Keyword If Test Failed" library="BuiltIn" type="teardown">
<doc>Runs the given keyword with the given arguments, if the test failed.</doc>
<arguments>
<arg>TEST TEARDOWN</arg>
<arg>${img_no}</arg>
</arguments>
<kw name="TEST TEARDOWN">
<arguments>
<arg>${img_no}</arg>
</arguments>
<msg timestamp="20210731 11:23:07.648" level="FAIL">No keyword with name 'TEST TEARDOWN' found.</msg>
<status status="FAIL" starttime="20210731 11:23:07.648" endtime="20210731 11:23:07.648"></status>
</kw>
<status status="FAIL" starttime="20210731 11:23:07.645" endtime="20210731 11:23:07.648">No keyword with name 'TEST TEARDOWN' found.</status>
</kw>
<tags>
<tag>pass</tag>
</tags>
<status status="FAIL" starttime="20210731 11:23:07.641" endtime="20210731 11:23:07.648" critical="yes">No application is open

Also teardown failed:
No keyword with name 'TEST TEARDOWN' found.</status>
</test>
<test id="s1-t19" name="TC_18: Launch Application and Verify Rails on Home page">
<kw name="Set Variable" library="BuiltIn">
<doc>Returns the given values which can then be assigned to a variables.</doc>
<arguments>
<arg>18</arg>
</arguments>
<assign>
<var>${img_no}</var>
</assign>
<msg timestamp="20210731 11:23:07.650" level="INFO">${img_no} = 18</msg>
<status status="PASS" starttime="20210731 11:23:07.649" endtime="20210731 11:23:07.650"></status>
</kw>
<kw name="Set Global Variable" library="BuiltIn">
<doc>Makes a variable available globally in all tests and suites.</doc>
<arguments>
<arg>${img_no}</arg>
</arguments>
<msg timestamp="20210731 11:23:07.650" level="INFO">${img_no} = 18</msg>
<status status="PASS" starttime="20210731 11:23:07.650" endtime="20210731 11:23:07.650"></status>
</kw>
<kw name="Launch Application" library="AppiumLibrary">
<doc>Launch application. Application can be launched while Appium session running.
This keyword can be used to launch application during test case or between test cases.</doc>
<kw name="Capture Page Screenshot" library="AppiumLibrary">
<doc>Takes a screenshot of the current page and embeds it into the log.</doc>
<msg timestamp="20210731 11:23:07.651" level="FAIL">No application is open</msg>
<status status="FAIL" starttime="20210731 11:23:07.650" endtime="20210731 11:23:07.651"></status>
</kw>
<msg timestamp="20210731 11:23:07.651" level="WARN">Keyword 'Capture Page Screenshot' could not be run on failure: No application is open</msg>
<msg timestamp="20210731 11:23:07.653" level="FAIL">No application is open</msg>
<status status="FAIL" starttime="20210731 11:23:07.650" endtime="20210731 11:23:07.653"></status>
</kw>
<kw name="Run Keyword If Test Failed" library="BuiltIn" type="teardown">
<doc>Runs the given keyword with the given arguments, if the test failed.</doc>
<arguments>
<arg>TEST TEARDOWN</arg>
<arg>${img_no}</arg>
</arguments>
<kw name="TEST TEARDOWN">
<arguments>
<arg>${img_no}</arg>
</arguments>
<msg timestamp="20210731 11:23:07.655" level="FAIL">No keyword with name 'TEST TEARDOWN' found.</msg>
<status status="FAIL" starttime="20210731 11:23:07.655" endtime="20210731 11:23:07.655"></status>
</kw>
<status status="FAIL" starttime="20210731 11:23:07.653" endtime="20210731 11:23:07.655">No keyword with name 'TEST TEARDOWN' found.</status>
</kw>
<tags>
<tag>Pass</tag>
</tags>
<status status="FAIL" starttime="20210731 11:23:07.649" endtime="20210731 11:23:07.655" critical="yes">No application is open

Also teardown failed:
No keyword with name 'TEST TEARDOWN' found.</status>
</test>
<status status="FAIL" starttime="20210731 11:23:07.230" endtime="20210731 11:23:07.656"></status>
</suite>
<statistics>
<total>
<stat pass="0" fail="19">Critical Tests</stat>
<stat pass="0" fail="19">All Tests</stat>
</total>
<tag>
<stat pass="0" fail="1">demo</stat>
<stat pass="0" fail="17">pass</stat>
<stat pass="0" fail="1">passed</stat>
</tag>
<suite>
<stat pass="0" fail="19" id="s1" name="Menu Rails andSpot Light Validation">Menu Rails andSpot Light Validation</stat>
</suite>
</statistics>
<errors>
<msg timestamp="20210731 11:23:07.503" level="ERROR">Error in file 'C:\Users\ASUS\OneDrive\Desktop\Avotrix-Sony\TV-Firestick\FireTv-new-Appium\Firetv\4.SIgnedIn(Liv Special +)\Menu_Rails_andSpot_Light_Validation.robot' on line 18: Resource file 'C:\Users\ASUS\OneDrive\Desktop\Avotrix-Sony\TV-Firestick\FireTv-new-Appium\Firetv\4.SIgnedIn(Liv Special +)\Res\Android\GenericFunction.robot' does not exist.</msg>
<msg timestamp="20210731 11:23:07.503" level="ERROR">Error in file 'C:\Users\ASUS\OneDrive\Desktop\Avotrix-Sony\TV-Firestick\FireTv-new-Appium\Firetv\4.SIgnedIn(Liv Special +)\Menu_Rails_andSpot_Light_Validation.robot' on line 19: Resource file 'C:\Users\ASUS\OneDrive\Desktop\Avotrix-Sony\TV-Firestick\FireTv-new-Appium\Firetv\4.SIgnedIn(Liv Special +)\Res\Android\web_res.robot' does not exist.</msg>
<msg timestamp="20210731 11:23:07.503" level="ERROR">Error in file 'C:\Users\ASUS\OneDrive\Desktop\Avotrix-Sony\TV-Firestick\FireTv-new-Appium\Firetv\4.SIgnedIn(Liv Special +)\Menu_Rails_andSpot_Light_Validation.robot' on line 20: Variable file 'C:\Users\ASUS\OneDrive\Desktop\Avotrix-Sony\TV-Firestick\FireTv-new-Appium\Firetv\4.SIgnedIn(Liv Special +)\VariableFiles\Android\Config.py' does not exist.</msg>
<msg timestamp="20210731 11:23:07.520" level="WARN">Keyword 'Capture Page Screenshot' could not be run on failure: No application is open</msg>
<msg timestamp="20210731 11:23:07.528" level="WARN">Keyword 'Capture Page Screenshot' could not be run on failure: No application is open</msg>
<msg timestamp="20210731 11:23:07.537" level="WARN">Keyword 'Capture Page Screenshot' could not be run on failure: No application is open</msg>
<msg timestamp="20210731 11:23:07.544" level="WARN">Keyword 'Capture Page Screenshot' could not be run on failure: No application is open</msg>
<msg timestamp="20210731 11:23:07.553" level="WARN">Keyword 'Capture Page Screenshot' could not be run on failure: No application is open</msg>
<msg timestamp="20210731 11:23:07.560" level="WARN">Keyword 'Capture Page Screenshot' could not be run on failure: No application is open</msg>
<msg timestamp="20210731 11:23:07.567" level="WARN">Keyword 'Capture Page Screenshot' could not be run on failure: No application is open</msg>
<msg timestamp="20210731 11:23:07.574" level="WARN">Keyword 'Capture Page Screenshot' could not be run on failure: No application is open</msg>
<msg timestamp="20210731 11:23:07.581" level="WARN">Keyword 'Capture Page Screenshot' could not be run on failure: No application is open</msg>
<msg timestamp="20210731 11:23:07.588" level="WARN">Keyword 'Capture Page Screenshot' could not be run on failure: No application is open</msg>
<msg timestamp="20210731 11:23:07.594" level="WARN">Keyword 'Capture Page Screenshot' could not be run on failure: No application is open</msg>
<msg timestamp="20210731 11:23:07.601" level="WARN">Keyword 'Capture Page Screenshot' could not be run on failure: No application is open</msg>
<msg timestamp="20210731 11:23:07.608" level="WARN">Keyword 'Capture Page Screenshot' could not be run on failure: No application is open</msg>
<msg timestamp="20210731 11:23:07.617" level="WARN">Keyword 'Capture Page Screenshot' could not be run on failure: No application is open</msg>
<msg timestamp="20210731 11:23:07.623" level="WARN">Keyword 'Capture Page Screenshot' could not be run on failure: No application is open</msg>
<msg timestamp="20210731 11:23:07.631" level="WARN">Keyword 'Capture Page Screenshot' could not be run on failure: No application is open</msg>
<msg timestamp="20210731 11:23:07.637" level="WARN">Keyword 'Capture Page Screenshot' could not be run on failure: No application is open</msg>
<msg timestamp="20210731 11:23:07.644" level="WARN">Keyword 'Capture Page Screenshot' could not be run on failure: No application is open</msg>
<msg timestamp="20210731 11:23:07.651" level="WARN">Keyword 'Capture Page Screenshot' could not be run on failure: No application is open</msg>
</errors>
</robot>
